<?xml version="1.0" encoding="UTF-8"?>
<!-- Generated by org.testng.reporters.JUnitReportReporter -->
<testsuite skipped="0" hostname="DESKTOP-G0620GT" name="Hotel.LoginPage" tests="1" failures="0" timestamp="19 Nov 2019 19:43:55 GMT" time="32.350" errors="0">
  <testcase name="hotelSearch" time="32.350" classname="Hotel.LoginPage"/>
</testsuite> <!-- Hotel.LoginPage -->
